#
# A fatal error has been detected by the Java Runtime Environment:
#
#  EXCEPTION_ACCESS_VIOLATION (0xc0000005) at pc=0x6d0b6c40, pid=4872, tid=3100
#
# JRE version: 6.0_25-b06
# Java VM: Java HotSpot(TM) Client VM (20.0-b11 mixed mode windows-x86 )
# Problematic frame:
# C  [awt.dll+0xb6c40]
#
# If you would like to submit a bug report, please visit:
#   http://java.sun.com/webapps/bugreport/crash.jsp
# The crash happened outside the Java Virtual Machine in native code.
# See problematic frame for where to report the bug.
#

---------------  T H R E A D  ---------------

Current thread (0x3bb1c000):  JavaThread "AWT-Windows" daemon [_thread_in_native, id=3100, stack(0x3bdf0000,0x3be40000)]

siginfo: ExceptionCode=0xc0000005, reading address 0x00000000

Registers:
EAX=0x3be3f7bc, EBX=0x3bb24710, ECX=0x00000126, EDX=0x000000c0
ESP=0x3be3f7a4, EBP=0x3be3f908, ESI=0x00000000, EDI=0x000000c0
EIP=0x6d0b6c40, EFLAGS=0x00010216

Top of Stack: (sp=0x3be3f7a4)
0x3be3f7a4:   3be3f7bc 00001000 00000000 3bb1c7e8
0x3be3f7b4:   00000147 6d0b32f1 00000000 6d0ae0cb
0x3be3f7c4:   00000000 3bb1ca50 6d0b3de1 00009825
0x3be3f7d4:   3bb1c128 00000001 00000259 fffffffe
0x3be3f7e4:   73ebf4e6 00000259 00000000 3bb1c000
0x3be3f7f4:   3bb1c128 01695438 0169d95e 00000000
0x3be3f804:   00000000 3be3f860 0000980d 3be3f820
0x3be3f814:   14266318 0169d95e 00000003 14266318 

Instructions: (pc=0x6d0b6c40)
0x6d0b6c20:   d8 56 8b b3 10 a0 00 00 1b c0 57 25 00 f0 ff ff
0x6d0b6c30:   05 00 20 00 00 50 c1 e2 05 8d 44 24 14 50 8b fa
0x6d0b6c40:   8b 16 57 c1 e1 05 51 56 ff 52 2c 85 c0 0f 8c 93
0x6d0b6c50:   00 00 00 8b 53 04 8b cf 8b 7c 24 10 8b c1 c1 e9 


Register to memory mapping:

EAX=0x3be3f7bc is pointing into the stack for thread: 0x3bb1c000
EBX=0x3bb24710 is an unknown value
ECX=0x00000126 is an unknown value
EDX=0x000000c0 is an unknown value
ESP=0x3be3f7a4 is pointing into the stack for thread: 0x3bb1c000
EBP=0x3be3f908 is pointing into the stack for thread: 0x3bb1c000
ESI=0x00000000 is an unknown value
EDI=0x000000c0 is an unknown value


Stack: [0x3bdf0000,0x3be40000],  sp=0x3be3f7a4,  free space=317k
Native frames: (J=compiled Java code, j=interpreted, Vv=VM code, C=native code)
C  [awt.dll+0xb6c40]  D3DVertexCacher::Render+0x50
C  [awt.dll+0x9c8ca]  Java_sun_awt_windows_WToolkit_loadSystemColors+0x94a
C  [USER32.dll+0x1c4e7]  gapfnScSendMessage+0x1cf
C  [USER32.dll+0x1c5e7]  gapfnScSendMessage+0x2cf
C  [USER32.dll+0x14f0e]  GetScrollBarInfo+0xfd
C  [USER32.dll+0x14f7d]  GetScrollBarInfo+0x16c
C  [ntdll.dll+0x46fee]  KiUserCallbackDispatcher+0x2e
C  [USER32.dll+0x164a1]  PeekMessageW+0x157

Java frames: (J=compiled Java code, j=interpreted, Vv=VM code)
j  sun.awt.windows.WToolkit.eventLoop()V+0
j  sun.awt.windows.WToolkit.run()V+52
j  java.lang.Thread.run()V+11
v  ~StubRoutines::call_stub

---------------  P R O C E S S  ---------------

Java Threads: ( => current thread )
  0x3e17a400 JavaThread "RMI TCP Connection(11)-192.168.1.101" daemon [_thread_in_native, id=3216, stack(0x3f740000,0x3f790000)]
  0x3e17ac00 JavaThread "*** Profiler Agent Special Execution Thread 3" daemon [_thread_blocked, id=1696, stack(0x41060000,0x410b0000)]
  0x3e17a000 JavaThread "*** Profiler Agent Special Execution Thread 6" daemon [_thread_blocked, id=3176, stack(0x3fa80000,0x3fad0000)]
  0x3e179800 JavaThread "*** JFluid Monitor thread ***" daemon [_thread_blocked, id=764, stack(0x3fa30000,0x3fa80000)]
  0x3e179400 JavaThread "*** Profiler Agent Communication Thread" daemon [_thread_in_native, id=6068, stack(0x3f9e0000,0x3fa30000)]
  0x3e1b9000 JavaThread "JMX server connection timeout 42" daemon [_thread_blocked, id=1184, stack(0x3f8f0000,0x3f940000)]
  0x3e1b8c00 JavaThread "RMI Scheduler(0)" daemon [_thread_blocked, id=2752, stack(0x3f790000,0x3f7e0000)]
  0x3e1b7c00 JavaThread "RMI TCP Accept-0" daemon [_thread_in_native, id=496, stack(0x3dce0000,0x3dd30000)]
  0x3e1b7800 JavaThread "AnonymousIoService-16" daemon [_thread_blocked, id=5356, stack(0x40040000,0x40090000)]
  0x3e1b7000 JavaThread "AnonymousIoService-15" daemon [_thread_blocked, id=4156, stack(0x3fff0000,0x40040000)]
  0x3e1b6c00 JavaThread "AnonymousIoService-14" daemon [_thread_blocked, id=4192, stack(0x3ffa0000,0x3fff0000)]
  0x3e1b6400 JavaThread "AnonymousIoService-13" daemon [_thread_blocked, id=2524, stack(0x3ff50000,0x3ffa0000)]
  0x3e1b6000 JavaThread "AnonymousIoService-12" daemon [_thread_blocked, id=3344, stack(0x3ff00000,0x3ff50000)]
  0x3e1b5800 JavaThread "AnonymousIoService-11" daemon [_thread_blocked, id=5128, stack(0x3fdb0000,0x3fe00000)]
  0x3e1b5000 JavaThread "AnonymousIoService-10" daemon [_thread_blocked, id=5708, stack(0x3fd60000,0x3fdb0000)]
  0x3e1b4c00 JavaThread "AnonymousIoService-9" daemon [_thread_blocked, id=5100, stack(0x3fd10000,0x3fd60000)]
  0x3e1b4400 JavaThread "AnonymousIoService-8" daemon [_thread_blocked, id=6052, stack(0x3fcc0000,0x3fd10000)]
  0x3e1b4000 JavaThread "AnonymousIoService-7" daemon [_thread_blocked, id=5908, stack(0x3fc70000,0x3fcc0000)]
  0x3e1b3800 JavaThread "AnonymousIoService-6" daemon [_thread_blocked, id=1500, stack(0x3fc20000,0x3fc70000)]
  0x3e1b3400 JavaThread "AnonymousIoService-5" daemon [_thread_blocked, id=5800, stack(0x3fbd0000,0x3fc20000)]
  0x3e1b2c00 JavaThread "AnonymousIoService-4" daemon [_thread_blocked, id=3260, stack(0x3fb80000,0x3fbd0000)]
  0x3e1b2400 JavaThread "AnonymousIoService-3" daemon [_thread_blocked, id=3520, stack(0x3e5b0000,0x3e600000)]
  0x3e197c00 JavaThread "AnonymousIoService-2" daemon [_thread_blocked, id=4240, stack(0x3e560000,0x3e5b0000)]
  0x3bc1dc00 JavaThread "PooledByteBufferExpirer-0" daemon [_thread_blocked, id=3348, stack(0x3e510000,0x3e560000)]
  0x3e183400 JavaThread "AnonymousIoService-1" daemon [_thread_blocked, id=5020, stack(0x3e4c0000,0x3e510000)]
  0x3e182c00 JavaThread "SocketAcceptorIoProcessor-0.0" [_thread_in_native, id=1740, stack(0x3e470000,0x3e4c0000)]
  0x3bc1cc00 JavaThread "Thread-6" [_thread_blocked, id=2156, stack(0x3e020000,0x3e070000)]
  0x3bc22c00 JavaThread "SocketAcceptor-0" [_thread_in_native, id=472, stack(0x3dd30000,0x3dd80000)]
  0x3bc20000 JavaThread "D3D Screen Updater" daemon [_thread_blocked, id=4560, stack(0x3db40000,0x3db90000)]
  0x3bb56400 JavaThread "AWT-EventQueue-0" [_thread_in_native, id=4284, stack(0x3d9d0000,0x3da20000)]
=>0x3bb1c000 JavaThread "AWT-Windows" daemon [_thread_in_native, id=3100, stack(0x3bdf0000,0x3be40000)]
  0x3bb1b800 JavaThread "AWT-Shutdown" [_thread_blocked, id=4324, stack(0x3bd90000,0x3bde0000)]
  0x3bb19000 JavaThread "Java2D Disposer" daemon [_thread_blocked, id=5052, stack(0x3bd40000,0x3bd90000)]
  0x016d9c00 JavaThread "Low Memory Detector" daemon [_thread_blocked, id=5476, stack(0x3b9c0000,0x3ba10000)]
  0x016cb000 JavaThread "C1 CompilerThread0" daemon [_thread_blocked, id=1176, stack(0x3b970000,0x3b9c0000)]
  0x016ca000 JavaThread "Attach Listener" daemon [_thread_blocked, id=1968, stack(0x3b920000,0x3b970000)]
  0x016c9000 JavaThread "Signal Dispatcher" daemon [_thread_blocked, id=1592, stack(0x3b8d0000,0x3b920000)]
  0x0169e800 JavaThread "Finalizer" daemon [_thread_blocked, id=3084, stack(0x3b880000,0x3b8d0000)]
  0x01699c00 JavaThread "Reference Handler" daemon [_thread_blocked, id=3228, stack(0x3b830000,0x3b880000)]
  0x00a09800 JavaThread "main" [_thread_blocked, id=5036, stack(0x00290000,0x002e0000)]

Other Threads:
  0x01696400 VMThread [stack: 0x3b7e0000,0x3b830000] [id=1516]
  0x016f5000 WatcherThread [stack: 0x3ba10000,0x3ba60000] [id=5016]

VM state:not at safepoint (normal execution)

VM Mutex/Monitor currently owned by a thread: None

Heap
 def new generation   total 103936K, used 13977K [0x03710000, 0x0a7d0000, 0x141b0000)
  eden space 92416K,  15% used [0x03710000, 0x044b6548, 0x09150000)
  from space 11520K,   0% used [0x09c90000, 0x09c90000, 0x0a7d0000)
  to   space 11520K,   0% used [0x09150000, 0x09150000, 0x09c90000)
 tenured generation   total 230804K, used 133919K [0x141b0000, 0x22315000, 0x35710000)
   the space 230804K,  58% used [0x141b0000, 0x1c477f70, 0x1c478000, 0x22315000)
 compacting perm gen  total 15104K, used 15062K [0x35710000, 0x365d0000, 0x39710000)
   the space 15104K,  99% used [0x35710000, 0x365c5b88, 0x365c5c00, 0x365d0000)
No shared spaces configured.

Code Cache  [0x01710000, 0x018f0000, 0x03710000)
 total_blobs=986 nmethods=766 adapters=155 free_code_cache=31724864 largest_free_block=98176

Dynamic libraries:
0x00400000 - 0x00424000 	C:\Windows\system32\java.exe
0x770a0000 - 0x771dc000 	C:\Windows\SYSTEM32\ntdll.dll
0x754f0000 - 0x755c4000 	C:\Windows\system32\kernel32.dll
0x75290000 - 0x752da000 	C:\Windows\system32\KERNELBASE.dll
0x64d00000 - 0x64d34000 	C:\Program Files\AVAST Software\Avast\snxhk.dll
0x76920000 - 0x769c0000 	C:\Windows\system32\ADVAPI32.dll
0x76510000 - 0x765bc000 	C:\Windows\system32\msvcrt.dll
0x77270000 - 0x77289000 	C:\Windows\SYSTEM32\sechost.dll
0x76f20000 - 0x76fc1000 	C:\Windows\system32\RPCRT4.dll
0x7c340000 - 0x7c396000 	C:\Program Files\Java\jre6\bin\msvcr71.dll
0x6d7f0000 - 0x6da9f000 	C:\Program Files\Java\jre6\bin\client\jvm.dll
0x76fd0000 - 0x77099000 	C:\Windows\system32\USER32.dll
0x757d0000 - 0x7581e000 	C:\Windows\system32\GDI32.dll
0x765c0000 - 0x765ca000 	C:\Windows\system32\LPK.dll
0x76470000 - 0x7650d000 	C:\Windows\system32\USP10.dll
0x74540000 - 0x74572000 	C:\Windows\system32\WINMM.dll
0x765d0000 - 0x765ef000 	C:\Windows\system32\IMM32.DLL
0x76840000 - 0x7690c000 	C:\Windows\system32\MSCTF.dll
0x75130000 - 0x7517c000 	C:\Windows\system32\apphelp.dll
0x6d7a0000 - 0x6d7ac000 	C:\Program Files\Java\jre6\bin\verify.dll
0x6d320000 - 0x6d33f000 	C:\Program Files\Java\jre6\bin\java.dll
0x76750000 - 0x76755000 	C:\Windows\system32\PSAPI.DLL
0x6d7e0000 - 0x6d7ef000 	C:\Program Files\Java\jre6\bin\zip.dll
0x6d000000 - 0x6d14b000 	C:\Program Files\Java\jre6\bin\awt.dll
0x74740000 - 0x74791000 	C:\Windows\system32\WINSPOOL.DRV
0x765f0000 - 0x7674c000 	C:\Windows\system32\ole32.dll
0x73e90000 - 0x7402e000 	C:\Windows\WinSxS\x86_microsoft.windows.common-controls_6595b64144ccf1df_6.0.7601.17514_none_41e6975e2bd6f2b2\COMCTL32.dll
0x76bc0000 - 0x76c17000 	C:\Windows\system32\SHLWAPI.dll
0x74480000 - 0x74493000 	C:\Windows\system32\DWMAPI.DLL
0x73cb0000 - 0x73cf0000 	C:\Windows\system32\uxtheme.dll
0x6d230000 - 0x6d27f000 	C:\Program Files\Java\jre6\bin\fontmanager.dll
0x75120000 - 0x7512c000 	C:\Windows\system32\CRYPTBASE.dll
0x6b080000 - 0x6b243000 	C:\Windows\system32\d3d9.dll
0x747a0000 - 0x747a9000 	C:\Windows\system32\VERSION.dll
0x724b0000 - 0x724b6000 	C:\Windows\system32\d3d8thk.dll
0x5ecd0000 - 0x5f84f000 	C:\Windows\system32\nvd3dum.dll
0x73800000 - 0x73825000 	C:\Windows\system32\powrprof.dll
0x75630000 - 0x757cd000 	C:\Windows\system32\SETUPAPI.dll
0x75490000 - 0x754b7000 	C:\Windows\system32\CFGMGR32.dll
0x767b0000 - 0x7683f000 	C:\Windows\system32\OLEAUT32.dll
0x75270000 - 0x75282000 	C:\Windows\system32\DEVOBJ.dll
0x75820000 - 0x7646a000 	C:\Windows\system32\shell32.dll
0x6d600000 - 0x6d613000 	C:\Program Files\Java\jre6\bin\net.dll
0x77290000 - 0x772c5000 	C:\Windows\system32\WS2_32.dll
0x76910000 - 0x76916000 	C:\Windows\system32\NSI.dll
0x74c60000 - 0x74c9c000 	C:\Windows\system32\mswsock.dll
0x74c50000 - 0x74c56000 	C:\Windows\System32\wship6.dll
0x6d620000 - 0x6d629000 	C:\Program Files\Java\jre6\bin\nio.dll
0x74ca0000 - 0x74cb6000 	C:\Windows\system32\CRYPTSP.dll
0x74a40000 - 0x74a7b000 	C:\Windows\system32\rsaenh.dll
0x74810000 - 0x74827000 	C:\Windows\system32\USERENV.dll
0x75190000 - 0x7519b000 	C:\Windows\system32\profapi.dll
0x73310000 - 0x73320000 	C:\Windows\system32\NLAapi.dll
0x70e90000 - 0x70ea0000 	C:\Windows\system32\napinsp.dll
0x70e70000 - 0x70e82000 	C:\Windows\system32\pnrpnsp.dll
0x704d0000 - 0x704f7000 	C:\Program Files\Common Files\Microsoft Shared\Windows Live\WLIDNSP.DLL
0x74b20000 - 0x74b64000 	C:\Windows\system32\DNSAPI.dll
0x704c0000 - 0x704c8000 	C:\Windows\System32\winrnr.dll
0x744b0000 - 0x744b5000 	C:\Windows\System32\wshtcpip.dll
0x73060000 - 0x7307c000 	C:\Windows\system32\IPHLPAPI.DLL
0x73050000 - 0x73057000 	C:\Windows\system32\WINNSI.DLL
0x704b0000 - 0x704b6000 	C:\Windows\system32\rasadhlp.dll
0x72d60000 - 0x72d98000 	C:\Windows\System32\fwpuclnt.dll
0x6d2c0000 - 0x6d2da000 	C:\Program Files\Java\jre6\bin\instrument.dll
0x6d550000 - 0x6d559000 	C:\Program Files\Java\jre6\bin\management.dll
0x72d20000 - 0x72d2d000 	C:\Windows\system32\dhcpcsvc6.DLL
0x72d30000 - 0x72d42000 	C:\Windows\system32\dhcpcsvc.DLL
0x6d6f0000 - 0x6d6f6000 	C:\Program Files\Java\jre6\bin\rmi.dll
0x6e050000 - 0x6e058000 	C:\Program Files\Java\jdk1.6.0_25\lib\visualvm\profiler\lib\deployed\jdk16\windows\profilerinterface.dll

VM Arguments:
jvm_args: -Xmx800m 
java_command: server.Server
Launcher Type: SUN_STANDARD

Environment Variables:
PATH=C:\Program Files\NVIDIA Corporation\PhysX\Common;C:\Program Files\Common Files\Microsoft Shared\Windows Live;C:\Windows\system32;C:\Windows;C:\Windows\System32\Wbem;C:\Windows\System32\WindowsPowerShell\v1.0\;C:\Program Files\Windows Live\Shared
USERNAME=Bas van Driel
OS=Windows_NT
PROCESSOR_IDENTIFIER=x86 Family 15 Model 107 Stepping 2, AuthenticAMD



---------------  S Y S T E M  ---------------

OS: Windows 7 Build 7601 Service Pack 1

CPU:total 2 (2 cores per cpu, 1 threads per core) family 15 model 107 stepping 2, cmov, cx8, fxsr, mmx, sse, sse2, sse3, mmxext, 3dnow, 3dnowext

Memory: 4k page, physical 2031160k(301120k free), swap 4062320k(1237192k free)

vm_info: Java HotSpot(TM) Client VM (20.0-b11) for windows-x86 JRE (1.6.0_25-b06), built on Apr 14 2011 01:04:32 by "java_re" with MS VC++ 7.1 (VS2003)

time: Tue Aug 02 12:53:30 2011
elapsed time: 1890 seconds

